[1127/131825:ERROR:process_reader_win.cc(142)] SuspendThread: 拒绝访问。 (0x5)
[1127/131825:ERROR:exception_snapshot_win.cc(87)] thread ID 13852 not found in process
[1127/131825:WARNING:crash_report_exception_handler.cc(56)] ProcessSnapshotWin::Initialize failed
[1127/143301:ERROR:process_reader_win.cc(142)] SuspendThread: 拒绝访问。 (0x5)
[1127/143301:ERROR:process_reader_win.cc(142)] SuspendThread: 拒绝访问。 (0x5)
[1127/143301:ERROR:process_reader_win.cc(142)] SuspendThread: 拒绝访问。 (0x5)
[1127/144040:ERROR:scoped_process_suspend.cc(38)] NtResumeProcess: 已尝试访问正在退出的过程。  (0xc000010a)
[1127/144941:ERROR:process_reader_win.cc(142)] SuspendThread: 拒绝访问。 (0x5)
[1127/144941:ERROR:process_reader_win.cc(142)] SuspendThread: 拒绝访问。 (0x5)
[1127/144941:ERROR:process_reader_win.cc(142)] SuspendThread: 拒绝访问。 (0x5)
[1127/144941:ERROR:process_reader_win.cc(142)] SuspendThread: 拒绝访问。 (0x5)
[1127/144941:ERROR:process_reader_win.cc(142)] SuspendThread: 拒绝访问。 (0x5)
[1127/144941:ERROR:process_reader_win.cc(142)] SuspendThread: 拒绝访问。 (0x5)
[1127/144941:ERROR:process_reader_win.cc(142)] SuspendThread: 拒绝访问。 (0x5)
[1127/144941:ERROR:process_reader_win.cc(142)] SuspendThread: 拒绝访问。 (0x5)
[1127/144941:ERROR:process_reader_win.cc(142)] SuspendThread: 拒绝访问。 (0x5)
[1127/144941:ERROR:process_reader_win.cc(142)] SuspendThread: 拒绝访问。 (0x5)
[1127/144941:ERROR:process_reader_win.cc(142)] SuspendThread: 拒绝访问。 (0x5)
[1127/144941:ERROR:process_reader_win.cc(142)] SuspendThread: 拒绝访问。 (0x5)
[1127/144941:ERROR:process_reader_win.cc(142)] SuspendThread: 拒绝访问。 (0x5)
[1127/144941:ERROR:exception_snapshot_win.cc(87)] thread ID 9932 not found in process
[1127/144941:WARNING:crash_report_exception_handler.cc(56)] ProcessSnapshotWin::Initialize failed
[1127/144941:ERROR:process_reader_win.cc(142)] SuspendThread: 拒绝访问。 (0x5)
[1127/144941:ERROR:process_reader_win.cc(142)] SuspendThread: 拒绝访问。 (0x5)
[1127/144941:ERROR:process_reader_win.cc(142)] SuspendThread: 拒绝访问。 (0x5)
[1127/144941:ERROR:process_reader_win.cc(142)] SuspendThread: 拒绝访问。 (0x5)
[1127/144941:ERROR:process_reader_win.cc(142)] SuspendThread: 拒绝访问。 (0x5)
[1127/144941:ERROR:process_reader_win.cc(142)] SuspendThread: 拒绝访问。 (0x5)
[1127/144941:ERROR:process_reader_win.cc(142)] SuspendThread: 拒绝访问。 (0x5)
[1127/144941:ERROR:process_reader_win.cc(142)] SuspendThread: 拒绝访问。 (0x5)
[1127/144941:ERROR:process_reader_win.cc(142)] SuspendThread: 拒绝访问。 (0x5)
[1127/144941:ERROR:process_reader_win.cc(142)] SuspendThread: 拒绝访问。 (0x5)
[1127/144941:ERROR:process_reader_win.cc(233)] ReadMemory at 0xf020000 of 64 bytes failed: 仅完成部分的 ReadProcessMemory 或 WriteProcessMemory 请求。 (0x12B)
[1127/144941:WARNING:pe_image_reader.cc(281)] could not read dos header from C:\Program Files (x86)\Google\Chrome\Application\54.0.2840.71\chrome_child.dll
[1127/144941:ERROR:process_reader_win.cc(233)] ReadMemory at 0x54320000 of 64 bytes failed: 仅完成部分的 ReadProcessMemory 或 WriteProcessMemory 请求。 (0x12B)
[1127/144941:WARNING:pe_image_reader.cc(281)] could not read dos header from C:\Program Files (x86)\Google\Chrome\Application\54.0.2840.71\chrome_elf.dll
[1127/144941:ERROR:process_reader_win.cc(233)] ReadMemory at 0x542d0000 of 64 bytes failed: 仅完成部分的 ReadProcessMemory 或 WriteProcessMemory 请求。 (0x12B)
[1127/144941:WARNING:pe_image_reader.cc(281)] could not read dos header from C:\WINDOWS\SYSTEM32\ninput.dll
[1127/144941:ERROR:process_reader_win.cc(233)] ReadMemory at 0x677f0000 of 64 bytes failed: 仅完成部分的 ReadProcessMemory 或 WriteProcessMemory 请求。 (0x12B)
[1127/144941:WARNING:pe_image_reader.cc(281)] could not read dos header from E:\360safe\safemon\safemon.dll
[1127/144941:ERROR:process_reader_win.cc(233)] ReadMemory at 0x604b0000 of 64 bytes failed: 仅完成部分的 ReadProcessMemory 或 WriteProcessMemory 请求。 (0x12B)
[1127/144941:WARNING:pe_image_reader.cc(281)] could not read dos header from E:\360safe\safemon\iNetSafe.dll
[1127/144941:ERROR:process_reader_win.cc(233)] ReadMemory at 0x70f80000 of 64 bytes failed: 仅完成部分的 ReadProcessMemory 或 WriteProcessMemory 请求。 (0x12B)
[1127/144941:WARNING:pe_image_reader.cc(281)] could not read dos header from C:\WINDOWS\SYSTEM32\dbghelp.dll
[1127/144941:ERROR:process_reader_win.cc(233)] ReadMemory at 0x67a10000 of 64 bytes failed: 仅完成部分的 ReadProcessMemory 或 WriteProcessMemory 请求。 (0x12B)
[1127/144941:WARNING:pe_image_reader.cc(281)] could not read dos header from C:\WINDOWS\WinSxS\x86_microsoft.windows.common-controls_6595b64144ccf1df_6.0.14393.447_none_89c64d28dafea4b9\COMCTL32.dll
[1127/144941:ERROR:process_reader_win.cc(233)] ReadMemory at 0x73800000 of 64 bytes failed: 仅完成部分的 ReadProcessMemory 或 WriteProcessMemory 请求。 (0x12B)
[1127/144941:WARNING:pe_image_reader.cc(281)] could not read dos header from C:\WINDOWS\SYSTEM32\IPHLPAPI.DLL
[1127/144941:ERROR:process_reader_win.cc(233)] ReadMemory at 0x73590000 of 64 bytes failed: 仅完成部分的 ReadProcessMemory 或 WriteProcessMemory 请求。 (0x12B)
[1127/144941:WARNING:pe_image_reader.cc(281)] could not read dos header from C:\WINDOWS\SYSTEM32\Secur32.dll
[1127/144941:ERROR:process_reader_win.cc(233)] ReadMemory at 0x620a0000 of 64 bytes failed: 仅完成部分的 ReadProcessMemory 或 WriteProcessMemory 请求。 (0x12B)
[1127/144941:WARNING:pe_image_reader.cc(281)] could not read dos header from C:\WINDOWS\SYSTEM32\DWrite.dll
[1127/144941:ERROR:process_reader_win.cc(233)] ReadMemory at 0xf020000 of 64 bytes failed: 仅完成部分的 ReadProcessMemory 或 WriteProcessMemory 请求。 (0x12B)
[1127/144941:WARNING:pe_image_reader.cc(281)] could not read dos header from C:\Program Files (x86)\Google\Chrome\Application\54.0.2840.71\chrome_child.dll
[1127/144941:ERROR:process_reader_win.cc(233)] ReadMemory at 0x54390000 of 64 bytes failed: 仅完成部分的 ReadProcessMemory 或 WriteProcessMemory 请求。 (0x12B)
[1127/144941:WARNING:pe_image_reader.cc(281)] could not read dos header from C:\WINDOWS\AppPatch\AcGenral.dll
[1127/144941:ERROR:process_reader_win.cc(233)] ReadMemory at 0x69a10000 of 64 bytes failed: 仅完成部分的 ReadProcessMemory 或 WriteProcessMemory 请求。 (0x12B)
[1127/144941:WARNING:pe_image_reader.cc(281)] could not read dos header from C:\WINDOWS\system32\apphelp.dll
[1127/144941:ERROR:process_reader_win.cc(233)] ReadMemory at 0x73c00000 of 64 bytes failed: 仅完成部分的 ReadProcessMemory 或 WriteProcessMemory 请求。 (0x12B)
[1127/144941:WARNING:pe_image_reader.cc(281)] could not read dos header from C:\WINDOWS\System32\CRYPTBASE.dll
[1127/144941:ERROR:process_reader_win.cc(233)] ReadMemory at 0x73c10000 of 64 bytes failed: 仅完成部分的 ReadProcessMemory 或 WriteProcessMemory 请求。 (0x12B)
[1127/144941:WARNING:pe_image_reader.cc(281)] could not read dos header from C:\WINDOWS\System32\SspiCli.dll
[1127/144941:ERROR:process_reader_win.cc(233)] ReadMemory at 0x73c40000 of 64 bytes failed: 仅完成部分的 ReadProcessMemory 或 WriteProcessMemory 请求。 (0x12B)
[1127/144941:WARNING:pe_image_reader.cc(281)] could not read dos header from C:\WINDOWS\System32\RPCRT4.dll
[1127/144941:ERROR:process_reader_win.cc(233)] ReadMemory at 0x75900000 of 64 bytes failed: 仅完成部分的 ReadProcessMemory 或 WriteProcessMemory 请求。 (0x12B)
[1127/144941:WARNING:pe_image_reader.cc(281)] could not read dos header from C:\WINDOWS\System32\sechost.dll
[1127/144941:ERROR:process_reader_win.cc(233)] ReadMemory at 0x75c70000 of 64 bytes failed: 仅完成部分的 ReadProcessMemory 或 WriteProcessMemory 请求。 (0x12B)
[1127/144941:WARNING:pe_image_reader.cc(281)] could not read dos header from C:\WINDOWS\System32\ucrtbase.dll
[1127/144941:ERROR:process_reader_win.cc(233)] ReadMemory at 0x751d0000 of 64 bytes failed: 仅完成部分的 ReadProcessMemory 或 WriteProcessMemory 请求。 (0x12B)
[1127/144941:WARNING:pe_image_reader.cc(281)] could not read dos header from C:\WINDOWS\System32\win32u.dll
[1127/144941:ERROR:process_reader_win.cc(233)] ReadMemory at 0x75d90000 of 64 bytes failed: 仅完成部分的 ReadProcessMemory 或 WriteProcessMemory 请求。 (0x12B)
[1127/144941:WARNING:pe_image_reader.cc(281)] could not read dos header from C:\WINDOWS\System32\USER32.dll
[1127/144941:ERROR:process_reader_win.cc(233)] ReadMemory at 0x75ef0000 of 64 bytes failed: 仅完成部分的 ReadProcessMemory 或 WriteProcessMemory 请求。 (0x12B)
[1127/144941:WARNING:pe_image_reader.cc(281)] could not read dos header from C:\WINDOWS\System32\GDI32.dll
[1127/144941:ERROR:process_reader_win.cc(233)] ReadMemory at 0x761a0000 of 64 bytes failed: 仅完成部分的 ReadProcessMemory 或 WriteProcessMemory 请求。 (0x12B)
[1127/144941:WARNING:pe_image_reader.cc(281)] could not read dos header from C:\WINDOWS\System32\IMM32.DLL
[1127/144941:ERROR:process_reader_win.cc(233)] ReadMemory at 0x758b0000 of 64 bytes failed: 仅完成部分的 ReadProcessMemory 或 WriteProcessMemory 请求。 (0x12B)
[1127/144941:WARNING:pe_image_reader.cc(281)] could not read dos header from C:\WINDOWS\System32\SHLWAPI.dll
[1127/144941:ERROR:process_reader_win.cc(233)] ReadMemory at 0x6aaa0000 of 64 bytes failed: 仅完成部分的 ReadProcessMemory 或 WriteProcessMemory 请求。 (0x12B)
[1127/144941:WARNING:pe_image_reader.cc(281)] could not read dos header from C:\WINDOWS\SYSTEM32\UxTheme.dll
[1127/144941:ERROR:process_reader_win.cc(233)] ReadMemory at 0x75d50000 of 64 bytes failed: 仅完成部分的 ReadProcessMemory 或 WriteProcessMemory 请求。 (0x12B)
[1127/144941:WARNING:pe_image_reader.cc(281)] could not read dos header from C:\WINDOWS\System32\cfgmgr32.dll
[1127/144941:ERROR:process_reader_win.cc(233)] ReadMemory at 0x769a0000 of 64 bytes failed: 仅完成部分的 ReadProcessMemory 或 WriteProcessMemory 请求。 (0x12B)
[1127/144941:WARNING:pe_image_reader.cc(281)] could not read dos header from C:\WINDOWS\System32\WINMMBASE.dll
[1127/144941:ERROR:process_reader_win.cc(233)] ReadMemory at 0x73480000 of 64 bytes failed: 仅完成部分的 ReadProcessMemory 或 WriteProcessMemory 请求。 (0x12B)
[1127/144941:WARNING:pe_image_reader.cc(281)] could not read dos header from C:\WINDOWS\SYSTEM32\samcli.dll
[1127/144941:ERROR:process_reader_win.cc(233)] ReadMemory at 0x76df0000 of 64 bytes failed: 仅完成部分的 ReadProcessMemory 或 WriteProcessMemory 请求。 (0x12B)
[1127/144941:WARNING:pe_image_reader.cc(281)] could not read dos header from C:\WINDOWS\System32\ole32.dll
[1127/144941:ERROR:process_reader_win.cc(233)] ReadMemory at 0x76920000 of 64 bytes failed: 仅完成部分的 ReadProcessMemory 或 WriteProcessMemory 请求。 (0x12B)
[1127/144941:WARNING:pe_image_reader.cc(281)] could not read dos header from C:\WINDOWS\System32\msvcp_win.dll
[1127/144941:ERROR:process_reader_win.cc(233)] ReadMemory at 0x76090000 of 64 bytes failed: 仅完成部分的 ReadProcessMemory 或 WriteProcessMemory 请求。 (0x12B)
[1127/144941:WARNING:pe_image_reader.cc(281)] could not read dos header from C:\WINDOWS\System32\OLEAUT32.dll
[1127/144941:ERROR:process_reader_win.cc(233)] ReadMemory at 0x761d0000 of 64 bytes failed: 仅完成部分的 ReadProcessMemory 或 WriteProcessMemory 请求。 (0x12B)
[1127/144941:WARNING:pe_image_reader.cc(281)] could not read dos header from C:\WINDOWS\System32\advapi32.dll
[1127/144941:ERROR:process_reader_win.cc(233)] ReadMemory at 0x6a970000 of 64 bytes failed: 仅完成部分的 ReadProcessMemory 或 WriteProcessMemory 请求。 (0x12B)
[1127/144941:WARNING:pe_image_reader.cc(281)] could not read dos header from C:\WINDOWS\SYSTEM32\MSACM32.dll
[1127/144941:ERROR:process_reader_win.cc(233)] ReadMemory at 0x73bf0000 of 64 bytes failed: 仅完成部分的 ReadProcessMemory 或 WriteProcessMemory 请求。 (0x12B)
[1127/144941:WARNING:pe_image_reader.cc(281)] could not read dos header from C:\WINDOWS\SYSTEM32\VERSION.dll
[1127/144941:ERROR:process_reader_win.cc(233)] ReadMemory at 0x76250000 of 64 bytes failed: 仅完成部分的 ReadProcessMemory 或 WriteProcessMemory 请求。 (0x12B)
[1127/144941:WARNING:pe_image_reader.cc(281)] could not read dos header from C:\WINDOWS\System32\powrprof.dll
[1127/144941:ERROR:process_reader_win.cc(233)] ReadMemory at 0x76190000 of 64 bytes failed: 仅完成部分的 ReadProcessMemory 或 WriteProcessMemory 请求。 (0x12B)
[1127/144941:WARNING:pe_image_reader.cc(281)] could not read dos header from C:\WINDOWS\System32\kernel.appcore.dll
[1127/144941:ERROR:process_reader_win.cc(233)] ReadMemory at 0x75820000 of 64 bytes failed: 仅完成部分的 ReadProcessMemory 或 WriteProcessMemory 请求。 (0x12B)
[1127/144941:WARNING:pe_image_reader.cc(281)] could not read dos header from C:\WINDOWS\System32\shcore.dll
[1127/144941:ERROR:process_reader_win.cc(233)] ReadMemory at 0x769d0000 of 64 bytes failed: 仅完成部分的 ReadProcessMemory 或 WriteProcessMemory 请求。 (0x12B)
[1127/144941:WARNING:pe_image_reader.cc(281)] could not read dos header from C:\WINDOWS\System32\profapi.dll
[1127/144941:ERROR:process_reader_win.cc(233)] ReadMemory at 0x76340000 of 64 bytes failed: 仅完成部分的 ReadProcessMemory 或 WriteProcessMemory 请求。 (0x12B)
[1127/144941:WARNING:pe_image_reader.cc(281)] could not read dos header from C:\WINDOWS\System32\windows.storage.dll
[1127/144941:ERROR:process_reader_win.cc(233)] ReadMemory at 0x73d10000 of 64 bytes failed: 仅完成部分的 ReadProcessMemory 或 WriteProcessMemory 请求。 (0x12B)
[1127/144941:WARNING:pe_image_reader.cc(281)] could not read dos header from C:\WINDOWS\System32\SHELL32.dll
[1127/144941:ERROR:process_reader_win.cc(233)] ReadMemory at 0x739e0000 of 64 bytes failed: 仅完成部分的 ReadProcessMemory 或 WriteProcessMemory 请求。 (0x12B)
[1127/144941:WARNING:pe_image_reader.cc(281)] could not read dos header from C:\WINDOWS\SYSTEM32\USERENV.dll
[1127/144941:ERROR:process_reader_win.cc(233)] ReadMemory at 0x6a6d0000 of 64 bytes failed: 仅完成部分的 ReadProcessMemory 或 WriteProcessMemory 请求。 (0x12B)
[1127/144941:WARNING:pe_image_reader.cc(281)] could not read dos header from C:\WINDOWS\SYSTEM32\dwmapi.dll
[1127/144941:ERROR:process_reader_win.cc(233)] ReadMemory at 0x69ce0000 of 64 bytes failed: 仅完成部分的 ReadProcessMemory 或 WriteProcessMemory 请求。 (0x12B)
[1127/144941:WARNING:pe_image_reader.cc(281)] could not read dos header from C:\WINDOWS\SYSTEM32\iertutil.dll
[1127/144941:ERROR:process_reader_win.cc(233)] ReadMemory at 0x69f10000 of 64 bytes failed: 仅完成部分的 ReadProcessMemory 或 WriteProcessMemory 请求。 (0x12B)
[1127/144941:WARNING:pe_image_reader.cc(281)] could not read dos header from C:\WINDOWS\SYSTEM32\urlmon.dll
[1127/144941:ERROR:process_reader_win.cc(233)] ReadMemory at 0x73b60000 of 64 bytes failed: 仅完成部分的 ReadProcessMemory 或 WriteProcessMemory 请求。 (0x12B)
[1127/144941:WARNING:pe_image_reader.cc(281)] could not read dos header from C:\WINDOWS\SYSTEM32\bcrypt.dll
[1127/144941:ERROR:process_reader_win.cc(233)] ReadMemory at 0x73b80000 of 64 bytes failed: 仅完成部分的 ReadProcessMemory 或 WriteProcessMemory 请求。 (0x12B)
[1127/144941:WARNING:pe_image_reader.cc(281)] could not read dos header from C:\WINDOWS\SYSTEM32\WINSPOOL.DRV
[1127/144941:ERROR:process_reader_win.cc(233)] ReadMemory at 0x72e60000 of 64 bytes failed: 仅完成部分的 ReadProcessMemory 或 WriteProcessMemory 请求。 (0x12B)
[1127/144941:WARNING:pe_image_reader.cc(281)] could not read dos header from C:\WINDOWS\SYSTEM32\MPR.dll
[1127/144941:ERROR:process_reader_win.cc(233)] ReadMemory at 0x54320000 of 64 bytes failed: 仅完成部分的 ReadProcessMemory 或 WriteProcessMemory 请求。 (0x12B)
[1127/144941:WARNING:pe_image_reader.cc(281)] could not read dos header from C:\Program Files (x86)\Google\Chrome\Application\54.0.2840.71\chrome_elf.dll
[1127/144941:ERROR:process_reader_win.cc(233)] ReadMemory at 0x73a00000 of 64 bytes failed: 仅完成部分的 ReadProcessMemory 或 WriteProcessMemory 请求。 (0x12B)
[1127/144941:WARNING:pe_image_reader.cc(281)] could not read dos header from C:\WINDOWS\SYSTEM32\WTSAPI32.dll
[1127/144941:ERROR:process_reader_win.cc(233)] ReadMemory at 0x717d0000 of 64 bytes failed: 仅完成部分的 ReadProcessMemory 或 WriteProcessMemory 请求。 (0x12B)
[1127/144941:WARNING:pe_image_reader.cc(281)] could not read dos header from C:\WINDOWS\SYSTEM32\WINHTTP.dll
[1127/144941:ERROR:process_reader_win.cc(233)] ReadMemory at 0x542d0000 of 64 bytes failed: 仅完成部分的 ReadProcessMemory 或 WriteProcessMemory 请求。 (0x12B)
[1127/144941:WARNING:pe_image_reader.cc(281)] could not read dos header from C:\WINDOWS\SYSTEM32\ninput.dll
[1127/144941:ERROR:process_reader_win.cc(233)] ReadMemory at 0x75290000 of 64 bytes failed: 仅完成部分的 ReadProcessMemory 或 WriteProcessMemory 请求。 (0x12B)
[1127/144941:WARNING:pe_image_reader.cc(281)] could not read dos header from C:\WINDOWS\System32\PSAPI.DLL
[1127/144941:ERROR:process_reader_win.cc(233)] ReadMemory at 0x752a0000 of 64 bytes failed: 仅完成部分的 ReadProcessMemory 或 WriteProcessMemory 请求。 (0x12B)
[1127/144941:WARNING:pe_image_reader.cc(281)] could not read dos header from C:\WINDOWS\System32\WS2_32.dll
[1127/144941:ERROR:process_reader_win.cc(233)] ReadMemory at 0x738d0000 of 64 bytes failed: 仅完成部分的 ReadProcessMemory 或 WriteProcessMemory 请求。 (0x12B)
[1127/144941:WARNING:pe_image_reader.cc(281)] could not read dos header from C:\WINDOWS\SYSTEM32\NETAPI32.dll
[1127/144941:ERROR:process_reader_win.cc(233)] ReadMemory at 0x72e40000 of 64 bytes failed: 仅完成部分的 ReadProcessMemory 或 WriteProcessMemory 请求。 (0x12B)
[1127/144941:WARNING:pe_image_reader.cc(281)] could not read dos header from C:\WINDOWS\SYSTEM32\WKSCLI.DLL
[1127/144941:ERROR:process_reader_win.cc(233)] ReadMemory at 0x73470000 of 64 bytes failed: 仅完成部分的 ReadProcessMemory 或 WriteProcessMemory 请求。 (0x12B)
[1127/144941:WARNING:pe_image_reader.cc(281)] could not read dos header from C:\WINDOWS\SYSTEM32\NETUTILS.DLL
[1127/144941:ERROR:process_reader_win.cc(233)] ReadMemory at 0x677f0000 of 64 bytes failed: 仅完成部分的 ReadProcessMemory 或 WriteProcessMemory 请求。 (0x12B)
[1127/144941:WARNING:pe_image_reader.cc(281)] could not read dos header from E:\360safe\safemon\safemon.dll
[1127/144941:ERROR:process_reader_win.cc(233)] ReadMemory at 0x604b0000 of 64 bytes failed: 仅完成部分的 ReadProcessMemory 或 WriteProcessMemory 请求。 (0x12B)
[1127/144941:WARNING:pe_image_reader.cc(281)] could not read dos header from E:\360safe\safemon\iNetSafe.dll
[1127/144941:ERROR:process_reader_win.cc(233)] ReadMemory at 0x70f80000 of 64 bytes failed: 仅完成部分的 ReadProcessMemory 或 WriteProcessMemory 请求。 (0x12B)
[1127/144941:WARNING:pe_image_reader.cc(281)] could not read dos header from C:\WINDOWS\SYSTEM32\dbghelp.dll
[1127/144941:ERROR:process_reader_win.cc(233)] ReadMemory at 0x67a10000 of 64 bytes failed: 仅完成部分的 ReadProcessMemory 或 WriteProcessMemory 请求。 (0x12B)
[1127/144941:WARNING:pe_image_reader.cc(281)] could not read dos header from C:\WINDOWS\WinSxS\x86_microsoft.windows.common-controls_6595b64144ccf1df_6.0.14393.447_none_89c64d28dafea4b9\COMCTL32.dll
[1127/144941:ERROR:process_reader_win.cc(233)] ReadMemory at 0x75b80000 of 64 bytes failed: 仅完成部分的 ReadProcessMemory 或 WriteProcessMemory 请求。 (0x12B)
[1127/144941:WARNING:pe_image_reader.cc(281)] could not read dos header from C:\WINDOWS\System32\COMDLG32.dll
[1127/144941:ERROR:process_reader_win.cc(233)] ReadMemory at 0x75740000 of 64 bytes failed: 仅完成部分的 ReadProcessMemory 或 WriteProcessMemory 请求。 (0x12B)
[1127/144941:WARNING:pe_image_reader.cc(281)] could not read dos header from C:\WINDOWS\System32\USP10.dll
[1127/144941:ERROR:process_reader_win.cc(233)] ReadMemory at 0x73800000 of 64 bytes failed: 仅完成部分的 ReadProcessMemory 或 WriteProcessMemory 请求。 (0x12B)
[1127/144941:WARNING:pe_image_reader.cc(281)] could not read dos header from C:\WINDOWS\SYSTEM32\IPHLPAPI.DLL
[1127/144941:ERROR:process_reader_win.cc(233)] ReadMemory at 0x73590000 of 64 bytes failed: 仅完成部分的 ReadProcessMemory 或 WriteProcessMemory 请求。 (0x12B)
[1127/144941:WARNING:pe_image_reader.cc(281)] could not read dos header from C:\WINDOWS\SYSTEM32\Secur32.dll
[1127/144941:ERROR:process_reader_win.cc(233)] ReadMemory at 0x620a0000 of 64 bytes failed: 仅完成部分的 ReadProcessMemory 或 WriteProcessMemory 请求。 (0x12B)
[1127/144941:WARNING:pe_image_reader.cc(281)] could not read dos header from C:\WINDOWS\SYSTEM32\DWrite.dll
[1127/144941:ERROR:process_reader_win.cc(233)] ReadMemory at 0x76f40000 of 64 bytes failed: 仅完成部分的 ReadProcessMemory 或 WriteProcessMemory 请求。 (0x12B)
[1127/144941:WARNING:pe_image_reader.cc(281)] could not read dos header from C:\WINDOWS\System32\MSASN1.dll
[1127/144941:ERROR:process_reader_win.cc(233)] ReadMemory at 0x75a00000 of 64 bytes failed: 仅完成部分的 ReadProcessMemory 或 WriteProcessMemory 请求。 (0x12B)
[1127/144941:WARNING:pe_image_reader.cc(281)] could not read dos header from C:\WINDOWS\System32\CRYPT32.dll
[1127/144941:ERROR:process_reader_win.cc(233)] ReadMemory at 0x756f0000 of 64 bytes failed: 仅完成部分的 ReadProcessMemory 或 WriteProcessMemory 请求。 (0x12B)
[1127/144941:WARNING:pe_image_reader.cc(281)] could not read dos header from C:\WINDOWS\System32\WINTRUST.dll
[1127/144941:ERROR:process_reader_win.cc(233)] ReadMemory at 0xf020000 of 64 bytes failed: 仅完成部分的 ReadProcessMemory 或 WriteProcessMemory 请求。 (0x12B)
[1127/144941:WARNING:pe_image_reader.cc(281)] could not read dos header from C:\Program Files (x86)\Google\Chrome\Application\54.0.2840.71\chrome_child.dll
[1127/144941:ERROR:process_reader_win.cc(233)] ReadMemory at 0x10f5000 of 45056 bytes failed: 仅完成部分的 ReadProcessMemory 或 WriteProcessMemory 请求。 (0x12B)
[1127/144941:ERROR:crash_report_exception_handler.cc(98)] WriteEverything failed
[1127/144941:ERROR:scoped_process_suspend.cc(38)] NtResumeProcess: 已尝试访问正在退出的过程。  (0xc000010a)
[1127/173350:ERROR:process_reader_win.cc(142)] SuspendThread: 拒绝访问。 (0x5)
[1127/173350:ERROR:process_reader_win.cc(142)] SuspendThread: 拒绝访问。 (0x5)
[1127/173350:ERROR:process_reader_win.cc(142)] SuspendThread: 拒绝访问。 (0x5)
[1127/173350:ERROR:process_reader_win.cc(142)] SuspendThread: 拒绝访问。 (0x5)
[1127/173350:ERROR:process_reader_win.cc(142)] SuspendThread: 拒绝访问。 (0x5)
[1127/173350:ERROR:process_reader_win.cc(142)] SuspendThread: 拒绝访问。 (0x5)
[1127/173350:ERROR:process_reader_win.cc(142)] SuspendThread: 拒绝访问。 (0x5)
[1127/173350:ERROR:process_reader_win.cc(142)] SuspendThread: 拒绝访问。 (0x5)
[1127/173350:ERROR:process_reader_win.cc(142)] SuspendThread: 拒绝访问。 (0x5)
[1127/173350:ERROR:process_reader_win.cc(233)] ReadMemory at 0x9122d8 of 60 bytes failed: 仅完成部分的 ReadProcessMemory 或 WriteProcessMemory 请求。 (0x12B)
[1127/173350:ERROR:crash_report_exception_handler.cc(98)] WriteEverything failed
[1127/173350:ERROR:scoped_process_suspend.cc(38)] NtResumeProcess: 已尝试访问正在退出的过程。  (0xc000010a)
[1127/173350:ERROR:scoped_process_suspend.cc(38)] NtResumeProcess: 已尝试访问正在退出的过程。  (0xc000010a)
